<?xml version="1.0" encoding="UTF-8"?>
<!-- Generated by org.testng.reporters.JUnitXMLReporter -->
<testsuite ignored="0" hostname="klon" failures="3" tests="6" name="Surefire test" time="0.131" errors="0" timestamp="2022-07-01T11:37:06 MSK">
  <testcase classname="PersonTest" name="isTeenagerTest" time="0.02">
    <failure type="java.lang.AssertionError" message="expected:&amp;lt;true&amp;gt; but was:&amp;lt;false&amp;gt;">
      <![CDATA[java.lang.AssertionError: expected:<true> but was:<false>
at PersonTest.isTeenagerTest(PersonTest.java:26)
at java.base/java.util.ArrayList.forEach(ArrayList.java:1511)
... Removed 35 stack frames]]>
    </failure>
  </testcase> <!-- isTeenagerTest -->
  <testcase classname="PersonTest" name="isTeenagerTest" time="0.0">
    <failure type="java.lang.AssertionError" message="expected:&amp;lt;true&amp;gt; but was:&amp;lt;false&amp;gt;">
      <![CDATA[java.lang.AssertionError: expected:<true> but was:<false>
at PersonTest.isTeenagerTest(PersonTest.java:26)
at java.base/java.util.ArrayList.forEach(ArrayList.java:1511)
... Removed 35 stack frames]]>
    </failure>
  </testcase> <!-- isTeenagerTest -->
  <testcase classname="PersonTest" name="isTeenagerTest" time="0.001"/>
  <testcase classname="PersonTest" name="isTeenagerTest" time="0.001"/>
  <testcase classname="PersonTest" name="isTeenagerTest" time="0.001">
    <failure type="java.lang.AssertionError" message="expected:&amp;lt;false&amp;gt; but was:&amp;lt;true&amp;gt;">
      <![CDATA[java.lang.AssertionError: expected:<false> but was:<true>
at PersonTest.isTeenagerTest(PersonTest.java:26)
at java.base/java.util.ArrayList.forEach(ArrayList.java:1511)
... Removed 35 stack frames]]>
    </failure>
  </testcase> <!-- isTeenagerTest -->
  <testcase classname="PersonTest" name="isTeenagerTest" time="0.001"/>
</testsuite> <!-- Surefire test -->
